[2022-05-01 12:43:41] [WARNING]: 警告: 配置文件内的QQ号 (745762961) 与缓存内的QQ号 (775762961) 不相同 
[2022-05-01 12:43:41] [WARNING]: 1. 使用会话缓存继续. 
[2022-05-01 12:43:41] [WARNING]: 2. 删除会话缓存并重启. 
[2022-05-01 12:43:41] [WARNING]: 请选择: (5秒后自动选1) 
[2022-05-01 12:43:46] [WARNING]: 恢复会话失败: token failed , 尝试使用正常流程登录. 
[2022-05-01 12:43:49] [WARNING]: 登录需要滑条验证码, 请使用手机QQ扫描二维码以继续登录. 
[2022-05-01 12:47:16] [WARNING]: 检查更新失败: Get "https://api.github.com/repos/Mrs4s/go-cqhttp/releases/latest": read tcp 192.168.1.107:33967->20.205.243.168:443: wsarecv: A connection attempt failed because the connected party did not properly respond after a period of time, or established connection failed because connected host has failed to respond. 
[2022-05-01 12:52:41] [WARNING]: 警告: 配置文件内的QQ号 (745762961) 与缓存内的QQ号 (775762961) 不相同 
[2022-05-01 12:52:41] [WARNING]: 1. 使用会话缓存继续. 
[2022-05-01 12:52:41] [WARNING]: 2. 删除会话缓存并重启. 
[2022-05-01 12:52:41] [WARNING]: 请选择: (5秒后自动选1) 
[2022-05-01 12:52:48] [ERROR]: Protocol -> parse incoming packet error: session expired 
[2022-05-01 12:52:48] [WARNING]: Bot已离线: session expired 
[2022-05-01 12:52:51] [WARNING]: 将在 3 秒后尝试重连. 重连次数：2/0 
[2022-05-01 12:52:54] [WARNING]: 尝试重连... 
[2022-05-01 12:52:54] [WARNING]: 快速重连失败: exchange_emp failed: 15 
[2022-05-01 12:52:54] [WARNING]: 快速重连失败, 尝试普通登录. 这可能是因为其他端强行T下线导致的. 
[2022-05-01 12:52:56] [WARNING]: 登录需要滑条验证码, 请使用手机QQ扫描二维码以继续登录. 
[2022-05-01 12:53:18] [FATAL]: 遇到错误: Packet timed out 
[2022-05-01 12:53:38] [WARNING]: 登录需要滑条验证码, 请使用手机QQ扫描二维码以继续登录. 
[2022-05-01 12:53:42] [FATAL]: 登录时发生致命错误: not found error correction level and mask 
[2022-05-01 12:54:12] [WARNING]: 登录需要滑条验证码, 请使用手机QQ扫描二维码以继续登录. 
[2022-05-01 12:58:25] [WARNING]: 警告: 配置文件内的QQ号 (745762961) 与缓存内的QQ号 (775762961) 不相同 
[2022-05-01 12:58:25] [WARNING]: 1. 使用会话缓存继续. 
[2022-05-01 12:58:25] [WARNING]: 2. 删除会话缓存并重启. 
[2022-05-01 12:58:25] [WARNING]: 请选择: (5秒后自动选1) 
[2022-05-01 12:58:31] [ERROR]: Protocol -> parse incoming packet error: session expired 
[2022-05-01 12:58:31] [WARNING]: Bot已离线: session expired 
[2022-05-01 12:58:34] [WARNING]: 将在 3 秒后尝试重连. 重连次数：2/0 
[2022-05-01 12:58:37] [WARNING]: 尝试重连... 
[2022-05-01 12:58:38] [WARNING]: 快速重连失败: exchange_emp failed: 15 
[2022-05-01 12:58:38] [WARNING]: 快速重连失败, 尝试普通登录. 这可能是因为其他端强行T下线导致的. 
[2022-05-01 12:58:39] [WARNING]: 登录需要滑条验证码, 请使用手机QQ扫描二维码以继续登录. 
[2022-05-01 12:59:01] [FATAL]: 遇到错误: Packet timed out 
[2022-05-01 13:07:39] [WARNING]: 上报 Event 数据到 localhost:9090 失败: Post "localhost:9090": unsupported protocol scheme "localhost" 将进行第 1 次重试 
[2022-05-01 13:07:40] [WARNING]: 上报 Event 数据到 localhost:9090 失败: Post "localhost:9090": unsupported protocol scheme "localhost" 将进行第 2 次重试 
[2022-05-01 13:07:42] [WARNING]: 上报 Event 数据到 localhost:9090 失败: Post "localhost:9090": unsupported protocol scheme "localhost" 将进行第 3 次重试 
[2022-05-01 13:07:43] [WARNING]: 上报 Event 数据 {"interval":5000,"meta_event_type":"heartbeat","post_type":"meta_event","self_id":775762961,"status":{"app_enabled":true,"app_good":true,"app_initialized":true,"good":true,"online":true,"plugins_good":null,"stat":{"PacketReceived":48,"PacketSent":40,"PacketLost":0,"MessageReceived":0,"MessageSent":0,"LastMessageTime":0,"DisconnectTimes":0,"LostTimes":0}},"time":1651381659}
 到 localhost:9090 失败: Post "localhost:9090": unsupported protocol scheme "localhost" 停止上报：已达重试上线 
[2022-05-01 13:07:44] [WARNING]: 上报 Event 数据到 localhost:9090 失败: Post "localhost:9090": unsupported protocol scheme "localhost" 将进行第 1 次重试 
[2022-05-01 13:07:45] [WARNING]: 上报 Event 数据到 localhost:9090 失败: Post "localhost:9090": unsupported protocol scheme "localhost" 将进行第 2 次重试 
[2022-05-01 13:07:47] [WARNING]: 上报 Event 数据到 localhost:9090 失败: Post "localhost:9090": unsupported protocol scheme "localhost" 将进行第 3 次重试 
[2022-05-01 13:07:48] [WARNING]: 上报 Event 数据 {"interval":5000,"meta_event_type":"heartbeat","post_type":"meta_event","self_id":775762961,"status":{"app_enabled":true,"app_good":true,"app_initialized":true,"good":true,"online":true,"plugins_good":null,"stat":{"PacketReceived":48,"PacketSent":40,"PacketLost":0,"MessageReceived":0,"MessageSent":0,"LastMessageTime":0,"DisconnectTimes":0,"LostTimes":0}},"time":1651381664}
 到 localhost:9090 失败: Post "localhost:9090": unsupported protocol scheme "localhost" 停止上报：已达重试上线 
[2022-05-01 13:07:49] [WARNING]: 上报 Event 数据到 localhost:9090 失败: Post "localhost:9090": unsupported protocol scheme "localhost" 将进行第 1 次重试 
[2022-05-01 13:07:50] [WARNING]: 上报 Event 数据到 localhost:9090 失败: Post "localhost:9090": unsupported protocol scheme "localhost" 将进行第 2 次重试 
[2022-05-01 13:07:52] [WARNING]: 上报 Event 数据到 localhost:9090 失败: Post "localhost:9090": unsupported protocol scheme "localhost" 将进行第 3 次重试 
[2022-05-01 13:07:53] [WARNING]: 上报 Event 数据 {"interval":5000,"meta_event_type":"heartbeat","post_type":"meta_event","self_id":775762961,"status":{"app_enabled":true,"app_good":true,"app_initialized":true,"good":true,"online":true,"plugins_good":null,"stat":{"PacketReceived":48,"PacketSent":40,"PacketLost":0,"MessageReceived":0,"MessageSent":0,"LastMessageTime":0,"DisconnectTimes":0,"LostTimes":0}},"time":1651381669}
 到 localhost:9090 失败: Post "localhost:9090": unsupported protocol scheme "localhost" 停止上报：已达重试上线 
[2022-05-01 13:07:54] [WARNING]: 上报 Event 数据到 localhost:9090 失败: Post "localhost:9090": unsupported protocol scheme "localhost" 将进行第 1 次重试 
[2022-05-01 13:07:55] [WARNING]: 上报 Event 数据到 localhost:9090 失败: Post "localhost:9090": unsupported protocol scheme "localhost" 将进行第 2 次重试 
[2022-05-01 13:07:57] [WARNING]: 上报 Event 数据到 localhost:9090 失败: Post "localhost:9090": unsupported protocol scheme "localhost" 将进行第 3 次重试 
[2022-05-01 13:07:58] [WARNING]: 上报 Event 数据 {"interval":5000,"meta_event_type":"heartbeat","post_type":"meta_event","self_id":775762961,"status":{"app_enabled":true,"app_good":true,"app_initialized":true,"good":true,"online":true,"plugins_good":null,"stat":{"PacketReceived":48,"PacketSent":40,"PacketLost":0,"MessageReceived":0,"MessageSent":0,"LastMessageTime":0,"DisconnectTimes":0,"LostTimes":0}},"time":1651381674}
 到 localhost:9090 失败: Post "localhost:9090": unsupported protocol scheme "localhost" 停止上报：已达重试上线 
[2022-05-01 13:07:59] [WARNING]: 上报 Event 数据到 localhost:9090 失败: Post "localhost:9090": unsupported protocol scheme "localhost" 将进行第 1 次重试 
[2022-05-01 13:08:00] [WARNING]: 上报 Event 数据到 localhost:9090 失败: Post "localhost:9090": unsupported protocol scheme "localhost" 将进行第 2 次重试 
[2022-05-01 13:08:02] [WARNING]: 上报 Event 数据到 localhost:9090 失败: Post "localhost:9090": unsupported protocol scheme "localhost" 将进行第 3 次重试 
[2022-05-01 13:08:03] [WARNING]: 上报 Event 数据 {"interval":5000,"meta_event_type":"heartbeat","post_type":"meta_event","self_id":775762961,"status":{"app_enabled":true,"app_good":true,"app_initialized":true,"good":true,"online":true,"plugins_good":null,"stat":{"PacketReceived":49,"PacketSent":41,"PacketLost":0,"MessageReceived":0,"MessageSent":0,"LastMessageTime":0,"DisconnectTimes":0,"LostTimes":0}},"time":1651381679}
 到 localhost:9090 失败: Post "localhost:9090": unsupported protocol scheme "localhost" 停止上报：已达重试上线 
[2022-05-01 13:08:04] [WARNING]: 上报 Event 数据到 localhost:9090 失败: Post "localhost:9090": unsupported protocol scheme "localhost" 将进行第 1 次重试 
[2022-05-01 13:08:05] [WARNING]: 上报 Event 数据到 localhost:9090 失败: Post "localhost:9090": unsupported protocol scheme "localhost" 将进行第 2 次重试 
[2022-05-01 13:08:07] [WARNING]: 上报 Event 数据到 localhost:9090 失败: Post "localhost:9090": unsupported protocol scheme "localhost" 将进行第 3 次重试 
[2022-05-01 13:08:08] [WARNING]: 上报 Event 数据 {"interval":5000,"meta_event_type":"heartbeat","post_type":"meta_event","self_id":775762961,"status":{"app_enabled":true,"app_good":true,"app_initialized":true,"good":true,"online":true,"plugins_good":null,"stat":{"PacketReceived":49,"PacketSent":41,"PacketLost":0,"MessageReceived":0,"MessageSent":0,"LastMessageTime":0,"DisconnectTimes":0,"LostTimes":0}},"time":1651381684}
 到 localhost:9090 失败: Post "localhost:9090": unsupported protocol scheme "localhost" 停止上报：已达重试上线 
[2022-05-01 13:08:09] [WARNING]: 上报 Event 数据到 localhost:9090 失败: Post "localhost:9090": unsupported protocol scheme "localhost" 将进行第 1 次重试 
[2022-05-01 13:08:10] [WARNING]: 上报 Event 数据到 localhost:9090 失败: Post "localhost:9090": unsupported protocol scheme "localhost" 将进行第 2 次重试 
[2022-05-01 13:08:12] [WARNING]: 上报 Event 数据到 localhost:9090 失败: Post "localhost:9090": unsupported protocol scheme "localhost" 将进行第 3 次重试 
[2022-05-01 13:08:13] [WARNING]: 上报 Event 数据 {"interval":5000,"meta_event_type":"heartbeat","post_type":"meta_event","self_id":775762961,"status":{"app_enabled":true,"app_good":true,"app_initialized":true,"good":true,"online":true,"plugins_good":null,"stat":{"PacketReceived":49,"PacketSent":41,"PacketLost":0,"MessageReceived":0,"MessageSent":0,"LastMessageTime":0,"DisconnectTimes":0,"LostTimes":0}},"time":1651381689}
 到 localhost:9090 失败: Post "localhost:9090": unsupported protocol scheme "localhost" 停止上报：已达重试上线 
[2022-05-01 13:08:14] [WARNING]: 上报 Event 数据到 localhost:9090 失败: Post "localhost:9090": unsupported protocol scheme "localhost" 将进行第 1 次重试 
[2022-05-01 13:08:15] [WARNING]: 上报 Event 数据到 localhost:9090 失败: Post "localhost:9090": unsupported protocol scheme "localhost" 将进行第 2 次重试 
